<?xml version="1.0" encoding="UTF-8"?>
<testng-results ignored="0" total="8" passed="8" failed="0" skipped="0">
  <reporter-output>
  </reporter-output>
  <suite started-at="2021-06-15T10:17:56 FJT" name="ParkIQv1" finished-at="2021-06-15T10:18:46 FJT" duration-ms="50123">
    <groups>
    </groups>
    <test started-at="2021-06-15T10:17:56 FJT" name="Park IQ System Test" finished-at="2021-06-15T10:18:46 FJT" duration-ms="50123">
      <class name="parkIQ.testCases.TC_LoginTest_001">
        <test-method is-config="true" signature="setup(java.lang.String)[pri:0, instance:parkIQ.testCases.TC_LoginTest_001@243c4f91]" started-at="2021-06-15T10:17:56 FJT" name="setup" finished-at="2021-06-15T10:18:17 FJT" duration-ms="20243" status="PASS">
          <params>
            <param index="0">
              <value>
                <![CDATA[chrome]]>
              </value>
            </param>
          </params>
          <reporter-output>
          </reporter-output>
        </test-method> <!-- setup -->
        <test-method signature="validationTest1()[pri:0, instance:parkIQ.testCases.TC_LoginTest_001@243c4f91]" started-at="2021-06-15T10:18:17 FJT" name="validationTest1" finished-at="2021-06-15T10:18:35 FJT" duration-ms="18435" status="PASS">
          <reporter-output>
          </reporter-output>
        </test-method> <!-- validationTest1 -->
        <test-method signature="validationTest2()[pri:1, instance:parkIQ.testCases.TC_LoginTest_001@243c4f91]" started-at="2021-06-15T10:18:35 FJT" name="validationTest2" finished-at="2021-06-15T10:18:39 FJT" duration-ms="3735" status="PASS">
          <reporter-output>
          </reporter-output>
        </test-method> <!-- validationTest2 -->
        <test-method signature="validationTest3()[pri:2, instance:parkIQ.testCases.TC_LoginTest_001@243c4f91]" started-at="2021-06-15T10:18:39 FJT" name="validationTest3" finished-at="2021-06-15T10:18:42 FJT" duration-ms="2818" status="PASS">
          <reporter-output>
          </reporter-output>
        </test-method> <!-- validationTest3 -->
        <test-method signature="loginDetailsTest1()[pri:3, instance:parkIQ.testCases.TC_LoginTest_001@243c4f91]" started-at="2021-06-15T10:18:42 FJT" name="loginDetailsTest1" finished-at="2021-06-15T10:18:44 FJT" duration-ms="2115" status="PASS">
          <reporter-output>
          </reporter-output>
        </test-method> <!-- loginDetailsTest1 -->
        <test-method signature="loginDetailsTest2()[pri:4, instance:parkIQ.testCases.TC_LoginTest_001@243c4f91]" started-at="2021-06-15T10:18:44 FJT" name="loginDetailsTest2" finished-at="2021-06-15T10:18:44 FJT" duration-ms="39" status="PASS">
          <reporter-output>
          </reporter-output>
        </test-method> <!-- loginDetailsTest2 -->
        <test-method signature="loginDetailsTest3()[pri:5, instance:parkIQ.testCases.TC_LoginTest_001@243c4f91]" started-at="2021-06-15T10:18:44 FJT" name="loginDetailsTest3" finished-at="2021-06-15T10:18:44 FJT" duration-ms="23" status="PASS">
          <reporter-output>
          </reporter-output>
        </test-method> <!-- loginDetailsTest3 -->
        <test-method signature="loginDetailsTest4()[pri:6, instance:parkIQ.testCases.TC_LoginTest_001@243c4f91]" started-at="2021-06-15T10:18:44 FJT" name="loginDetailsTest4" finished-at="2021-06-15T10:18:44 FJT" duration-ms="403" status="PASS">
          <reporter-output>
          </reporter-output>
        </test-method> <!-- loginDetailsTest4 -->
        <test-method signature="loginTest()[pri:7, instance:parkIQ.testCases.TC_LoginTest_001@243c4f91]" started-at="2021-06-15T10:18:44 FJT" name="loginTest" finished-at="2021-06-15T10:18:46 FJT" duration-ms="1763" status="PASS">
          <reporter-output>
          </reporter-output>
        </test-method> <!-- loginTest -->
        <test-method is-config="true" signature="tearDown()[pri:0, instance:parkIQ.testCases.TC_LoginTest_001@243c4f91]" started-at="2021-06-15T10:18:46 FJT" name="tearDown" finished-at="2021-06-15T10:18:46 FJT" duration-ms="154" status="PASS">
          <reporter-output>
          </reporter-output>
        </test-method> <!-- tearDown -->
      </class> <!-- parkIQ.testCases.TC_LoginTest_001 -->
    </test> <!-- Park IQ System Test -->
  </suite> <!-- ParkIQv1 -->
</testng-results>
